The system is: Windows - 10.0.19044 - AMD64
Compiling the C compiler identification source file "CMakeCCompilerId.c" succeeded.
Compiler:  
Build flags: 
Id flags:  

The output was:
0
Microsoft (R) Build Engine версии 16.11.2+f32259642 для .NET Framework
(C) Корпорация Майкрософт (Microsoft Corporation). Все права защищены.

Сборка начата 05.05.2022 22:55:27.
Проект "C:\Users\Win10\Desktop\Новая папка\4sem\OC - Операционные Сети\5\Server\CMakeFiles\3.23.1\CompilerIdC\CompilerIdC.vcxproj" в узле 1 (целевые объекты по умолчанию).
PrepareForBuild:
  Создание каталога "Debug\".
  Создание каталога "Debug\CompilerIdC.tlog\".
InitializeBuildStatus:
  Создание "Debug\CompilerIdC.tlog\unsuccessfulbuild", так как было задано "AlwaysCreate".
ClCompile:
  C:\Program Files (x86)\Microsoft Visual Studio\2019\Community\VC\Tools\MSVC\14.29.30133\bin\HostX64\x64\CL.exe /c /nologo /W0 /WX- /diagnostics:column /Od /D _MBCS /Gm- /EHsc /RTC1 /MDd /GS /fp:precise /Zc:wchar_t /Zc:forScope /Zc:inline /Fo"Debug\\" /Fd"Debug\vc142.pdb" /external:W0 /Gd /TC /FC /errorReport:queue CMakeCCompilerId.c
  CMakeCCompilerId.c
Link:
  C:\Program Files (x86)\Microsoft Visual Studio\2019\Community\VC\Tools\MSVC\14.29.30133\bin\HostX64\x64\link.exe /ERRORREPORT:QUEUE /OUT:".\CompilerIdC.exe" /INCREMENTAL:NO /NOLOGO kernel32.lib user32.lib gdi32.lib winspool.lib comdlg32.lib advapi32.lib shell32.lib ole32.lib oleaut32.lib uuid.lib odbc32.lib odbccp32.lib /MANIFEST /MANIFESTUAC:"level='asInvoker' uiAccess='false'" /manifest:embed /PDB:".\CompilerIdC.pdb" /SUBSYSTEM:CONSOLE /TLBID:1 /DYNAMICBASE /NXCOMPAT /IMPLIB:".\CompilerIdC.lib" /MACHINE:X64 Debug\CMakeCCompilerId.obj
  CompilerIdC.vcxproj -> C:\Users\Win10\Desktop\Новая папка\4sem\OC - Операционные Сети\5\Server\CMakeFiles\3.23.1\CompilerIdC\CompilerIdC.exe
PostBuildEvent:
  for %%i in (cl.exe) do @echo CMAKE_C_COMPILER=%%~$PATH:i
  :VCEnd
  CMAKE_C_COMPILER=C:\Program Files (x86)\Microsoft Visual Studio\2019\Community\VC\Tools\MSVC\14.29.30133\bin\Hostx64\x64\cl.exe
FinalizeBuildStatus:
  Файл "Debug\CompilerIdC.tlog\unsuccessfulbuild" удаляется.
  Обращение к "Debug\CompilerIdC.tlog\CompilerIdC.lastbuildstate".
Сборка проекта "C:\Users\Win10\Desktop\Новая папка\4sem\OC - Операционные Сети\5\Server\CMakeFiles\3.23.1\CompilerIdC\CompilerIdC.vcxproj" завершена (целевые объекты по умолчанию).

Сборка успешно завершена.
    Предупреждений: 0
    Ошибок: 0

Прошло времени 00:00:01.11


Compilation of the C compiler identification source "CMakeCCompilerId.c" produced "CompilerIdC.exe"

Compilation of the C compiler identification source "CMakeCCompilerId.c" produced "CompilerIdC.vcxproj"

The C compiler identification is MSVC, found in "C:/Users/Win10/Desktop/Новая папка/4sem/OC - Операционные Сети/5/Server/CMakeFiles/3.23.1/CompilerIdC/CompilerIdC.exe"

Detecting C compiler ABI info compiled with the following output:
Change Dir: C:/Users/Win10/Desktop/Новая папка/4sem/OC - Операционные Сети/5/Server/CMakeFiles/CMakeTmp

Run Build Command(s):C:/Program Files (x86)/Microsoft Visual Studio/2019/Community/MSBuild/Current/Bin/MSBuild.exe cmTC_3c479.vcxproj /p:Configuration=Debug /p:Platform=x64 /p:VisualStudioVersion=16.0 /v:m && Microsoft (R) Build Engine версии 16.11.2+f32259642 для .NET Framework
(C) Корпорация Майкрософт (Microsoft Corporation). Все права защищены.

  Оптимизирующий компилятор Microsoft (R) C/C++ версии 19.29.30142.1 для x64
  (C) Корпорация Майкрософт (Microsoft Corporation).  Все права защищены.
  CMakeCCompilerABI.c
  cl /c /Zi /W1 /WX- /diagnostics:column /Od /Ob0 /D _MBCS /D WIN32 /D _WINDOWS /D "CMAKE_INTDIR=\"Debug\"" /Gm- /RTC1 /MDd /GS /fp:precise /Zc:wchar_t /Zc:forScope /Zc:inline /Fo"cmTC_3c479.dir\Debug\\" /Fd"cmTC_3c479.dir\Debug\vc142.pdb" /external:W1 /Gd /TC /errorReport:queue "C:\Program Files\CMake\share\cmake-3.23\Modules\CMakeCCompilerABI.c"
  cmTC_3c479.vcxproj -> C:\Users\Win10\Desktop\Новая папка\4sem\OC - Операционные Сети\5\Server\CMakeFiles\CMakeTmp\Debug\cmTC_3c479.exe



